<?xml version="1.0" encoding="UTF-8"?>
<!-- Generated by org.testng.reporters.JUnitReportReporter -->
<testsuite hostname="DESKTOP-86427H5" failures="0" tests="1" name="Academy.Homepage" time="0.748" errors="0" timestamp="2021-05-02T03:52:21 IST" skipped="0">
  <testcase classname="Academy.Homepage" name="basePageNavigation" time="0.748"/>
  <system-out/>
</testsuite> <!-- Academy.Homepage -->
